0 info it worked if it ends with ok
1 verbose cli [ '/Users/marcell/.nvm/versions/node/v6.0.0/bin/node',
1 verbose cli   '/Users/marcell/.nvm/versions/node/v6.0.0/bin/npm',
1 verbose cli   'run',
1 verbose cli   'build' ]
2 info using npm@3.8.6
3 info using node@v6.0.0
4 verbose run-script [ 'prebuild', 'build', 'postbuild' ]
5 info lifecycle grunt-webkit-test@0.1.0~prebuild: grunt-webkit-test@0.1.0
6 silly lifecycle grunt-webkit-test@0.1.0~prebuild: no script for prebuild, continuing
7 info lifecycle grunt-webkit-test@0.1.0~build: grunt-webkit-test@0.1.0
8 verbose lifecycle grunt-webkit-test@0.1.0~build: unsafe-perm in lifecycle true
9 verbose lifecycle grunt-webkit-test@0.1.0~build: PATH: /Users/marcell/.nvm/versions/node/v6.0.0/lib/node_modules/npm/bin/node-gyp-bin:/Users/marcell/Documents/github/Pomodoro-NW/Pomodoro-Nw/node_modules/.bin:/Users/marcell/.nvm/versions/node/v6.0.0/bin:/Users/marcell/.rvm/gems/ruby-2.3.1/bin:/Users/marcell/.rvm/gems/ruby-2.3.1@global/bin:/Users/marcell/.rvm/rubies/ruby-2.3.1/bin:/Users/marcell/.rvm/bin:/Users/marcell/.nvm/versions/node/v6.0.0/bin:/Users/marcell/Documents/github/SandBox/javascript-SandBox/babel-tests/node_modules/.bin:/Users/marcell/bin:/usr/local/heroku/bin:/Users/marcell/Documents/github/SandBox/javascript-SandBox/babel-tests/node_modules/.bin:/Users/marcell/bin:/Users/marcell/Documents/github/SandBox/javascript-SandBox/babel-tests/node_modules/.bin:/Users/marcell/bin:/Users/marcell/Documents/github/SandBox/javascript-SandBox/babel-tests/node_modules/.bin:/Users/marcell/bin:/Library/PostgreSQL/9.5/bin:/Library/PostgreSQL/9.5/bin:/Library/PostgreSQL/9.5/bin:/usr/local/bin:/usr/bin:/bin:/usr/sbin:/sbin:/opt/X11/bin:/usr/local/git/bin:/Library/PostgreSQL/9.5/bin/
10 verbose lifecycle grunt-webkit-test@0.1.0~build: CWD: /Users/marcell/Documents/github/Pomodoro-NW/Pomodoro-Nw
11 silly lifecycle grunt-webkit-test@0.1.0~build: Args: [ '-c', 'grunt and nw-sdk' ]
12 silly lifecycle grunt-webkit-test@0.1.0~build: Returned: code: 3  signal: null
13 info lifecycle grunt-webkit-test@0.1.0~build: Failed to exec build script
14 verbose stack Error: grunt-webkit-test@0.1.0 build: `grunt and nw-sdk`
14 verbose stack Exit status 3
14 verbose stack     at EventEmitter.<anonymous> (/Users/marcell/.nvm/versions/node/v6.0.0/lib/node_modules/npm/lib/utils/lifecycle.js:239:16)
14 verbose stack     at emitTwo (events.js:106:13)
14 verbose stack     at EventEmitter.emit (events.js:191:7)
14 verbose stack     at ChildProcess.<anonymous> (/Users/marcell/.nvm/versions/node/v6.0.0/lib/node_modules/npm/lib/utils/spawn.js:24:14)
14 verbose stack     at emitTwo (events.js:106:13)
14 verbose stack     at ChildProcess.emit (events.js:191:7)
14 verbose stack     at maybeClose (internal/child_process.js:850:16)
14 verbose stack     at Process.ChildProcess._handle.onexit (internal/child_process.js:215:5)
15 verbose pkgid grunt-webkit-test@0.1.0
16 verbose cwd /Users/marcell/Documents/github/Pomodoro-NW/Pomodoro-Nw
17 error Darwin 15.3.0
18 error argv "/Users/marcell/.nvm/versions/node/v6.0.0/bin/node" "/Users/marcell/.nvm/versions/node/v6.0.0/bin/npm" "run" "build"
19 error node v6.0.0
20 error npm  v3.8.6
21 error code ELIFECYCLE
22 error grunt-webkit-test@0.1.0 build: `grunt and nw-sdk`
22 error Exit status 3
23 error Failed at the grunt-webkit-test@0.1.0 build script 'grunt and nw-sdk'.
23 error Make sure you have the latest version of node.js and npm installed.
23 error If you do, this is most likely a problem with the grunt-webkit-test package,
23 error not with npm itself.
23 error Tell the author that this fails on your system:
23 error     grunt and nw-sdk
23 error You can get information on how to open an issue for this project with:
23 error     npm bugs grunt-webkit-test
23 error Or if that isn't available, you can get their info via:
23 error     npm owner ls grunt-webkit-test
23 error There is likely additional logging output above.
24 verbose exit [ 1, true ]
